{
  "RSpec": {
    "coverage": {
      "/Users/charliecasserly/Documents/projects/instagrum/config/environment.rb": {
        "lines": [
          null,
          1,
          null,
          null,
          1
        ]
      },
      "/Users/charliecasserly/Documents/projects/instagrum/config/application.rb": {
        "lines": [
          1,
          null,
          1,
          null,
          null,
          null,
          1,
          null,
          1,
          1,
          null,
          1,
          null,
          null,
          null,
          null,
          null,
          null,
          null,
          null,
          null,
          null
        ]
      },
      "/Users/charliecasserly/Documents/projects/instagrum/config/boot.rb": {
        "lines": [
          1,
          null,
          1,
          1
        ]
      },
      "/Users/charliecasserly/Documents/projects/instagrum/config/environments/test.rb": {
        "lines": [
          1,
          null,
          null,
          null,
          null,
          null,
          null,
          1,
          null,
          null,
          1,
          1,
          null,
          null,
          null,
          null,
          1,
          null,
          null,
          1,
          1,
          null,
          null,
          null,
          null,
          1,
          1,
          1,
          null,
          null,
          1,
          null,
          null,
          1,
          null,
          null,
          1,
          null,
          1,
          null,
          null,
          null,
          null,
          1,
          null,
          null,
          1,
          null,
          null,
          1,
          null,
          null,
          1,
          null,
          null,
          null,
          null,
          null,
          null,
          null
        ]
      },
      "/Users/charliecasserly/Documents/projects/instagrum/config/initializers/application_controller_renderer.rb": {
        "lines": [
          null,
          null,
          null,
          null,
          null,
          null,
          null,
          null
        ]
      },
      "/Users/charliecasserly/Documents/projects/instagrum/config/initializers/assets.rb": {
        "lines": [
          null,
          null,
          null,
          1,
          null,
          null,
          null,
          null,
          1,
          null,
          null,
          null,
          null,
          null
        ]
      },
      "/Users/charliecasserly/Documents/projects/instagrum/config/initializers/backtrace_silencers.rb": {
        "lines": [
          null,
          null,
          null,
          null,
          null,
          null,
          null,
          1
        ]
      },
      "/Users/charliecasserly/Documents/projects/instagrum/config/initializers/content_security_policy.rb": {
        "lines": [
          null,
          null,
          null,
          null,
          null,
          null,
          null,
          null,
          null,
          null,
          null,
          null,
          null,
          null,
          null,
          null,
          null,
          null,
          null,
          null,
          null,
          null,
          null,
          null,
          null,
          null,
          null,
          null,
          null,
          null
        ]
      },
      "/Users/charliecasserly/Documents/projects/instagrum/config/initializers/cookies_serializer.rb": {
        "lines": [
          null,
          null,
          null,
          null,
          1
        ]
      },
      "/Users/charliecasserly/Documents/projects/instagrum/config/initializers/filter_parameter_logging.rb": {
        "lines": [
          null,
          null,
          null,
          1,
          null,
          null
        ]
      },
      "/Users/charliecasserly/Documents/projects/instagrum/config/initializers/inflections.rb": {
        "lines": [
          null,
          null,
          null,
          null,
          null,
          null,
          null,
          null,
          null,
          null,
          null,
          null,
          null,
          null,
          null,
          null
        ]
      },
      "/Users/charliecasserly/Documents/projects/instagrum/config/initializers/mime_types.rb": {
        "lines": [
          null,
          null,
          null,
          null
        ]
      },
      "/Users/charliecasserly/Documents/projects/instagrum/config/initializers/permissions_policy.rb": {
        "lines": [
          null,
          null,
          null,
          null,
          null,
          null,
          null,
          null,
          null,
          null,
          null
        ]
      },
      "/Users/charliecasserly/Documents/projects/instagrum/config/initializers/wrap_parameters.rb": {
        "lines": [
          null,
          null,
          null,
          null,
          null,
          null,
          1,
          2,
          null,
          null,
          null,
          null,
          null,
          null
        ]
      },
      "/Users/charliecasserly/Documents/projects/instagrum/config/routes.rb": {
        "lines": [
          1,
          1,
          null,
          1,
          null,
          1,
          null,
          1,
          null,
          1,
          null,
          1,
          null,
          1,
          1,
          null,
          null,
          null
        ]
      },
      "/Users/charliecasserly/Documents/projects/instagrum/app/helpers/application_helper.rb": {
        "lines": [
          1,
          null
        ]
      },
      "/Users/charliecasserly/Documents/projects/instagrum/app/helpers/posts_helper.rb": {
        "lines": [
          1,
          null
        ]
      },
      "/Users/charliecasserly/Documents/projects/instagrum/app/helpers/sessions_helper.rb": {
        "lines": [
          1,
          null
        ]
      },
      "/Users/charliecasserly/Documents/projects/instagrum/app/helpers/users_helper.rb": {
        "lines": [
          1,
          null
        ]
      },
      "/Users/charliecasserly/Documents/projects/instagrum/app/controllers/posts_controller.rb": {
        "lines": [
          1,
          null,
          1,
          null,
          1,
          19,
          null,
          null,
          1,
          3,
          null,
          null,
          1,
          3,
          3,
          null,
          null,
          1,
          1,
          1,
          1,
          null,
          1,
          null,
          null,
          1,
          null,
          1,
          3,
          null,
          null
        ]
      },
      "/Users/charliecasserly/Documents/projects/instagrum/app/controllers/application_controller.rb": {
        "lines": [
          1,
          null,
          1,
          1,
          1,
          null,
          1,
          36,
          null,
          null,
          1,
          26,
          null,
          null,
          1,
          8,
          null,
          null,
          null
        ]
      },
      "/Users/charliecasserly/Documents/projects/instagrum/spec/features/a_user_can_like_posts_spec.rb": {
        "lines": [
          1,
          null,
          1,
          1,
          1,
          1,
          null,
          1,
          null,
          null,
          1,
          1,
          1,
          null,
          1,
          1,
          null,
          null
        ]
      },
      "/Users/charliecasserly/Documents/projects/instagrum/spec/features/a_user_can_login_spec.rb": {
        "lines": [
          1,
          null,
          1,
          1,
          1,
          null,
          1,
          1,
          1,
          1,
          1,
          null,
          1,
          null,
          null
        ]
      },
      "/Users/charliecasserly/Documents/projects/instagrum/spec/features/a_user_can_logout_spec.rb": {
        "lines": [
          1,
          null,
          1,
          1,
          1,
          null,
          1,
          null,
          1,
          null,
          1,
          null,
          null
        ]
      },
      "/Users/charliecasserly/Documents/projects/instagrum/spec/features/a_user_can_register_spec.rb": {
        "lines": [
          1,
          null,
          1,
          1,
          1,
          1,
          null,
          null
        ]
      },
      "/Users/charliecasserly/Documents/projects/instagrum/spec/features/a_user_can_upload_a_photo_spec.rb": {
        "lines": [
          1,
          null,
          1,
          1,
          1,
          1,
          null,
          1,
          1,
          null,
          null
        ]
      },
      "/Users/charliecasserly/Documents/projects/instagrum/spec/helpers/posts_helper_spec.rb": {
        "lines": [
          1,
          null,
          null,
          null,
          null,
          null,
          null,
          null,
          null,
          null,
          null,
          null,
          1,
          null
        ]
      },
      "/Users/charliecasserly/Documents/projects/instagrum/spec/helpers/sessions_helper_spec.rb": {
        "lines": [
          1,
          null,
          null,
          null,
          null,
          null,
          null,
          null,
          null,
          null,
          null,
          null,
          1,
          null
        ]
      },
      "/Users/charliecasserly/Documents/projects/instagrum/spec/helpers/users_helper_spec.rb": {
        "lines": [
          1,
          null,
          null,
          null,
          null,
          null,
          null,
          null,
          null,
          null,
          null,
          null,
          1,
          null
        ]
      },
      "/Users/charliecasserly/Documents/projects/instagrum/spec/models/post_spec.rb": {
        "lines": [
          1,
          null,
          1,
          null
        ]
      },
      "/Users/charliecasserly/Documents/projects/instagrum/app/models/post.rb": {
        "lines": [
          1,
          1,
          null
        ]
      },
      "/Users/charliecasserly/Documents/projects/instagrum/app/models/application_record.rb": {
        "lines": [
          1,
          1,
          null
        ]
      },
      "/Users/charliecasserly/Documents/projects/instagrum/spec/models/user_spec.rb": {
        "lines": [
          1,
          null,
          1,
          1,
          3,
          null,
          null,
          null,
          null,
          null,
          1,
          1,
          null,
          null,
          1,
          1,
          1,
          null,
          null,
          1,
          1,
          1,
          null,
          null,
          1,
          1,
          null,
          null
        ]
      },
      "/Users/charliecasserly/Documents/projects/instagrum/app/models/user.rb": {
        "lines": [
          1,
          1,
          1,
          null
        ]
      },
      "/Users/charliecasserly/Documents/projects/instagrum/spec/requests/posts_spec.rb": {
        "lines": [
          1,
          null,
          1,
          1,
          1,
          1,
          1,
          null,
          null,
          null,
          null
        ]
      },
      "/Users/charliecasserly/Documents/projects/instagrum/spec/requests/sessions_spec.rb": {
        "lines": [
          1,
          null,
          1,
          null,
          null
        ]
      },
      "/Users/charliecasserly/Documents/projects/instagrum/spec/requests/users_spec.rb": {
        "lines": [
          1,
          null,
          1,
          1,
          1,
          1,
          1,
          null,
          null,
          null,
          null
        ]
      },
      "/Users/charliecasserly/Documents/projects/instagrum/spec/views/posts/index.html.erb_spec.rb": {
        "lines": [
          1,
          null,
          1,
          null,
          null
        ]
      },
      "/Users/charliecasserly/Documents/projects/instagrum/spec/views/sessions/create.html.erb_spec.rb": {
        "lines": [
          1,
          null,
          1,
          null
        ]
      },
      "/Users/charliecasserly/Documents/projects/instagrum/spec/views/sessions/login.html.erb_spec.rb": {
        "lines": [
          1,
          null,
          1,
          null
        ]
      },
      "/Users/charliecasserly/Documents/projects/instagrum/spec/views/sessions/new.html.erb_spec.rb": {
        "lines": [
          1,
          null,
          1,
          null
        ]
      },
      "/Users/charliecasserly/Documents/projects/instagrum/spec/views/sessions/welcome.html.erb_spec.rb": {
        "lines": [
          1,
          null,
          1,
          null
        ]
      },
      "/Users/charliecasserly/Documents/projects/instagrum/spec/views/users/create.html.erb_spec.rb": {
        "lines": [
          1,
          null,
          1,
          null
        ]
      },
      "/Users/charliecasserly/Documents/projects/instagrum/spec/views/users/new.html.erb_spec.rb": {
        "lines": [
          1,
          null,
          1,
          null
        ]
      },
      "/Users/charliecasserly/Documents/projects/instagrum/app/controllers/users_controller.rb": {
        "lines": [
          1,
          null,
          1,
          null,
          1,
          6,
          null,
          null,
          1,
          5,
          null,
          5,
          null,
          5,
          null,
          null,
          1,
          null,
          1,
          5,
          null,
          null
        ]
      },
      "/Users/charliecasserly/Documents/projects/instagrum/app/controllers/sessions_controller.rb": {
        "lines": [
          1,
          null,
          1,
          null,
          1,
          null,
          null,
          1,
          1,
          1,
          1,
          1,
          null,
          0,
          null,
          null,
          null,
          1,
          1,
          1,
          1,
          null,
          null,
          1,
          null,
          null,
          null
        ]
      }
    },
    "timestamp": 1624362114
  }
}
